TN:
SF:node_modules/@pythnetwork/entropy-sdk-solidity/IEntropyConsumer.sol
DA:8,13
FN:8,IEntropyConsumer._entropyCallback
FNDA:13,IEntropyConsumer._entropyCallback
DA:13,13
DA:14,13
BRDA:14,0,0,-
BRDA:14,0,1,13
DA:15,13
BRDA:15,1,0,-
BRDA:15,1,1,13
DA:17,13
FNF:1
FNH:1
LF:5
LH:5
BRF:4
BRH:2
end_of_record
TN:
SF:script/BaseDeployScript.sol
DA:36,0
FN:36,BaseDeployScript.broadcast
FNDA:0,BaseDeployScript.broadcast
DA:37,0
DA:38,0
DA:40,0
DA:43,0
FN:43,BaseDeployScript.getDeployerPrivateKey
FNDA:0,BaseDeployScript.getDeployerPrivateKey
DA:44,0
BRDA:44,0,0,-
BRDA:44,0,1,-
DA:45,0
DA:46,0
BRDA:46,1,0,-
DA:48,0
DA:50,0
DA:53,0
FN:53,BaseDeployScript.setUp
FNDA:0,BaseDeployScript.setUp
DA:54,0
DA:55,0
DA:56,0
DA:57,0
DA:59,0
DA:60,0
DA:61,0
DA:62,0
DA:63,0
DA:64,0
DA:65,0
DA:68,0
FN:68,BaseDeployScript.getNetworkName
FNDA:0,BaseDeployScript.getNetworkName
DA:69,0
DA:70,0
DA:71,0
DA:72,0
DA:75,0
FN:75,BaseDeployScript.getNetworkConfig
FNDA:0,BaseDeployScript.getNetworkConfig
DA:76,0
BRDA:76,5,0,-
BRDA:76,5,1,-
DA:77,0
DA:78,0
BRDA:78,6,0,-
BRDA:78,6,1,-
DA:79,0
DA:80,0
BRDA:80,7,0,-
DA:81,0
DA:83,0
DA:86,0
FN:86,BaseDeployScript.getArbitrumMainnetConfig
FNDA:0,BaseDeployScript.getArbitrumMainnetConfig
DA:87,0
DA:99,0
FN:99,BaseDeployScript.getArbitrumSepoliaConfig
FNDA:0,BaseDeployScript.getArbitrumSepoliaConfig
DA:100,0
DA:112,0
FN:112,BaseDeployScript.getAnvilConfig
FNDA:0,BaseDeployScript.getAnvilConfig
DA:114,0
DA:115,0
DA:116,0
DA:117,0
DA:118,0
DA:119,0
DA:120,0
DA:123,0
BRDA:123,8,0,-
DA:124,0
DA:126,0
BRDA:126,9,0,-
DA:127,0
DA:129,0
BRDA:129,10,0,-
DA:130,0
DA:132,0
BRDA:132,11,0,-
DA:133,0
DA:135,0
BRDA:135,12,0,-
DA:136,0
DA:138,0
BRDA:138,13,0,-
DA:139,0
DA:141,0
BRDA:141,14,0,-
DA:142,0
DA:146,0
BRDA:146,15,0,-
DA:147,0
DA:148,0
DA:151,0
DA:163,0
FN:163,BaseDeployScript.isLocalTestnet
FNDA:0,BaseDeployScript.isLocalTestnet
DA:164,0
DA:167,0
FN:167,BaseDeployScript.saveDeployment
FNDA:0,BaseDeployScript.saveDeployment
DA:168,0
DA:169,0
DA:171,0
DA:191,0
DA:192,0
DA:193,0
DA:194,0
DA:197,0
FN:197,BaseDeployScript.loadDeployment
FNDA:0,BaseDeployScript.loadDeployment
DA:198,0
DA:200,0
BRDA:200,16,0,-
DA:201,0
DA:202,0
DA:203,0
DA:204,0
DA:205,0
DA:206,0
BRDA:206,16,1,-
DA:207,0
DA:208,0
FNF:11
FNH:0
LF:86
LH:0
BRF:18
BRH:0
end_of_record
TN:
SF:script/DeployAll.s.sol
DA:23,0
FN:23,DeployAll.run
FNDA:0,DeployAll.run
DA:24,0
DA:26,0
DA:27,0
DA:28,0
DA:31,0
DA:34,0
BRDA:34,0,0,-
DA:35,0
DA:36,0
DA:40,0
DA:43,0
FN:43,DeployAll.deployFactory
FNDA:0,DeployAll.deployFactory
DA:44,0
DA:45,0
DA:48,0
BRDA:48,1,0,-
DA:49,0
DA:50,0
BRDA:50,2,0,-
DA:51,0
DA:52,0
DA:53,0
DA:57,0
DA:58,0
DA:68,0
DA:69,0
DA:70,0
DA:73,0
FN:73,DeployAll.createTestCommittee
FNDA:0,DeployAll.createTestCommittee
DA:74,0
DA:75,0
DA:78,0
DA:80,0
DA:81,0
DA:82,0
DA:83,0
DA:86,0
DA:90,0
DA:91,0
DA:92,0
DA:93,0
DA:96,0
FN:96,DeployAll.getTestMembers
FNDA:0,DeployAll.getTestMembers
DA:98,0
BRDA:98,3,0,-
DA:99,0
DA:100,0
DA:102,0
DA:103,0
DA:104,0
DA:106,0
DA:107,0
BRDA:107,3,1,-
DA:109,0
DA:110,0
DA:111,0
DA:112,0
DA:113,0
DA:117,0
FN:117,DeployAll.printDeploymentSummary
FNDA:0,DeployAll.printDeploymentSummary
DA:118,0
DA:119,0
DA:120,0
DA:121,0
DA:122,0
DA:123,0
DA:124,0
DA:125,0
DA:126,0
DA:127,0
DA:128,0
BRDA:128,4,0,-
DA:129,0
DA:131,0
DA:132,0
DA:133,0
DA:134,0
DA:135,0
DA:136,0
DA:137,0
DA:138,0
DA:139,0
DA:140,0
DA:141,0
DA:143,0
BRDA:143,5,0,-
DA:144,0
DA:145,0
DA:146,0
DA:147,0
DA:148,0
DA:149,0
DA:150,0
DA:151,0
DA:152,0
DA:155,0
DA:156,0
DA:157,0
DA:158,0
DA:159,0
FNF:5
FNH:0
LF:90
LH:0
BRF:7
BRH:0
end_of_record
TN:
SF:script/DeployCommittee.s.sol
DA:22,0
FN:22,DeployCommittee.run
FNDA:0,DeployCommittee.run
DA:23,0
DA:25,0
DA:26,0
DA:27,0
DA:30,0
DA:32,0
DA:33,0
DA:34,0
DA:35,0
DA:36,0
DA:37,0
DA:38,0
DA:41,0
DA:49,0
DA:59,0
DA:60,0
DA:66,0
DA:67,0
DA:68,0
DA:69,0
DA:70,0
DA:71,0
DA:72,0
DA:73,0
DA:76,0
DA:79,0
DA:80,0
DA:81,0
DA:83,0
DA:86,0
DA:87,0
DA:88,0
DA:89,0
DA:90,0
DA:91,0
DA:92,0
DA:93,0
DA:94,0
DA:97,0
FN:97,DeployCommittee.getTestMembers
FNDA:0,DeployCommittee.getTestMembers
DA:99,0
BRDA:99,0,0,-
DA:100,0
DA:101,0
DA:102,0
DA:103,0
DA:104,0
DA:105,0
DA:106,0
DA:107,0
BRDA:107,0,1,-
DA:109,0
DA:110,0
DA:111,0
DA:112,0
DA:113,0
DA:114,0
FNF:2
FNH:0
LF:55
LH:0
BRF:2
BRH:0
end_of_record
TN:
SF:script/DeployFactory.s.sol
DA:16,0
FN:16,DeployFactory.run
FNDA:0,DeployFactory.run
DA:17,0
DA:19,0
DA:20,0
DA:21,0
DA:24,0
DA:25,0
BRDA:25,0,0,-
DA:26,0
DA:27,0
DA:28,0
DA:32,0
DA:33,0
DA:34,0
DA:35,0
DA:36,0
DA:37,0
DA:38,0
DA:39,0
DA:40,0
DA:41,0
DA:44,0
DA:45,0
DA:55,0
DA:56,0
DA:57,0
DA:58,0
DA:59,0
DA:60,0
DA:61,0
DA:64,0
DA:67,0
BRDA:67,1,0,-
DA:68,0
DA:69,0
DA:70,0
DA:71,0
DA:72,0
DA:73,0
DA:74,0
DA:75,0
DA:76,0
DA:77,0
DA:78,0
DA:79,0
DA:80,0
DA:81,0
DA:82,0
FNF:1
FNH:0
LF:46
LH:0
BRF:2
BRH:0
end_of_record
TN:
SF:script/DeployMocks.s.sol
DA:24,0
FN:24,DeployMocks.run
FNDA:0,DeployMocks.run
DA:25,0
DA:27,0
BRDA:27,0,0,-
BRDA:27,0,1,-
DA:29,0
DA:30,0
DA:31,0
DA:33,0
DA:34,0
DA:35,0
DA:36,0
DA:39,0
FN:39,DeployMocks.deployMocks
FNDA:0,DeployMocks.deployMocks
DA:40,0
DA:43,0
DA:44,0
DA:45,0
DA:48,0
DA:49,0
DA:50,0
DA:53,0
DA:54,0
DA:55,0
DA:58,0
DA:59,0
DA:60,0
DA:63,0
DA:64,0
DA:65,0
DA:68,0
DA:69,0
DA:70,0
DA:72,0
DA:75,0
FN:75,DeployMocks.fundMocks
FNDA:0,DeployMocks.fundMocks
DA:76,0
DA:79,0
DA:80,0
DA:81,0
DA:84,0
DA:85,0
DA:86,0
DA:88,0
DA:91,0
FN:91,DeployMocks.printSummary
FNDA:0,DeployMocks.printSummary
DA:92,0
DA:93,0
DA:94,0
DA:95,0
DA:96,0
DA:97,0
DA:98,0
DA:99,0
DA:100,0
DA:101,0
DA:102,0
DA:103,0
DA:104,0
DA:105,0
DA:106,0
DA:108,0
DA:109,0
DA:110,0
DA:111,0
DA:112,0
DA:113,0
DA:114,0
DA:115,0
DA:116,0
DA:119,0
FN:119,DeployMocks.saveMockDeployments
FNDA:0,DeployMocks.saveMockDeployments
DA:120,0
DA:121,0
DA:122,0
DA:123,0
DA:124,0
DA:125,0
FNF:5
FNH:0
LF:72
LH:0
BRF:2
BRH:0
end_of_record
TN:
SF:src/Committee.sol
DA:118,48
FN:118,Committee.constructor
FNDA:48,Committee.constructor
DA:122,48
DA:123,48
DA:124,48
DA:125,48
DA:126,48
DA:127,48
DA:128,48
DA:129,48
DA:130,48
DA:131,48
DA:134,48
DA:135,48
DA:136,48
DA:137,48
DA:138,48
DA:139,48
DA:140,48
DA:141,234
DA:142,187
BRDA:142,0,0,1
DA:143,1
DA:145,186
DA:147,186
DA:154,78
FN:154,Committee.performUpkeep
FNDA:78,Committee.performUpkeep
DA:155,78
DA:156,78
BRDA:156,1,0,1
DA:157,1
DA:160,77
DA:162,77
BRDA:162,2,0,17
BRDA:162,2,1,60
DA:163,17
DA:164,17
BRDA:164,3,0,14
BRDA:164,3,1,3
DA:165,14
DA:166,14
BRDA:166,4,0,1
DA:167,1
DA:169,13
DA:171,3
DA:172,3
DA:173,3
DA:174,3
DA:175,15
DA:176,12
DA:178,12
DA:181,3
DA:182,3
DA:183,3
DA:184,3
DA:185,3
DA:187,60
BRDA:187,5,0,60
DA:188,60
DA:196,6
FN:196,Committee.fundAutomationWithLink
FNDA:6,Committee.fundAutomationWithLink
DA:197,6
BRDA:197,6,0,1
DA:198,1
DA:202,5
DA:203,5
BRDA:203,7,0,-
DA:204,0
DA:207,5
BRDA:207,8,0,4
BRDA:207,8,1,1
DA:208,4
DA:210,1
DA:217,2
FN:217,Committee.withdrawLink
FNDA:2,Committee.withdrawLink
DA:218,1
DA:219,1
DA:220,1
BRDA:220,9,0,-
DA:221,0
DA:229,5
FN:229,Committee.withdrawYourShare
FNDA:5,Committee.withdrawYourShare
DA:230,5
DA:232,5
BRDA:232,10,0,1
DA:233,1
DA:235,1
BRDA:235,11,0,1
DA:236,1
DA:238,3
BRDA:238,12,0,1
DA:239,1
DA:243,2
DA:244,2
DA:247,2
DA:248,2
BRDA:248,13,0,-
DA:249,0
DA:256,2
FN:256,Committee.emergencyWithdrawToMembers
FNDA:2,Committee.emergencyWithdrawToMembers
DA:257,1
BRDA:257,14,0,-
DA:258,0
DA:260,1
DA:261,1
DA:262,1
DA:263,5
DA:264,4
DA:265,4
BRDA:265,15,0,4
DA:266,4
DA:267,4
DA:268,4
DA:269,4
DA:270,4
BRDA:270,16,0,-
DA:271,0
DA:275,4
DA:285,320
FN:285,Committee.depositContribution
FNDA:320,Committee.depositContribution
DA:287,320
BRDA:287,17,0,1
DA:288,1
DA:290,319
BRDA:290,18,0,1
DA:291,1
DA:293,318
BRDA:293,19,0,1
DA:294,1
DA:296,317
DA:297,317
BRDA:297,20,0,1
DA:298,1
DA:302,316
DA:303,316
DA:304,316
DA:305,316
DA:306,316
DA:307,316
DA:310,316
DA:311,316
BRDA:311,21,0,-
DA:312,0
DA:319,3
FN:319,Committee.withdrawEth
FNDA:3,Committee.withdrawEth
DA:320,2
DA:321,2
BRDA:321,22,0,-
DA:322,0
DA:329,1
FN:329,Committee.fundEntropy
FNDA:1,Committee.fundEntropy
DA:331,5
FN:331,Committee.checkUpkeep
FNDA:5,Committee.checkUpkeep
DA:336,83
DA:337,83
DA:338,83
DA:339,83
DA:340,83
DA:343,83
DA:346,21
BRDA:346,23,0,21
BRDA:346,23,1,4
DA:347,21
DA:348,58
BRDA:348,24,0,58
DA:349,58
DA:352,4
DA:355,13
FN:355,Committee.entropyCallback
FNDA:13,Committee.entropyCallback
DA:357,13
DA:358,13
DA:359,13
DA:360,13
DA:361,13
DA:362,65
DA:363,52
DA:365,52
DA:370,13
DA:371,13
DA:372,13
DA:373,13
DA:374,13
BRDA:374,25,0,13
DA:375,13
DA:377,13
DA:378,13
DA:379,13
DA:380,13
DA:381,13
DA:382,13
DA:385,13
FN:385,Committee.getEntropy
FNDA:13,Committee.getEntropy
DA:386,13
DA:393,83
FN:393,Committee._isDistributionTime
FNDA:83,Committee._isDistributionTime
DA:394,83
DA:401,4
FN:401,Committee._registerUpkeep
FNDA:4,Committee._registerUpkeep
DA:402,4
BRDA:402,26,0,1
DA:403,1
DA:406,3
DA:420,3
DA:423,3
DA:425,3
BRDA:425,27,0,-
DA:426,0
DA:429,3
DA:436,1
FN:436,Committee._addFundsToUpkeep
FNDA:1,Committee._addFundsToUpkeep
DA:437,1
BRDA:437,28,0,-
DA:438,0
DA:442,1
DA:445,1
DA:447,1
DA:453,2
FN:453,Committee.getUpkeepBalance
FNDA:2,Committee.getUpkeepBalance
DA:454,2
DA:455,1
DA:461,2
FN:461,Committee.getUpkeepId
FNDA:2,Committee.getUpkeepId
DA:462,2
FNF:17
FNH:17
LF:173
LH:164
BRF:33
BRH:24
end_of_record
TN:
SF:src/Factory.sol
DA:45,17
FN:45,Factory.constructor
FNDA:17,Factory.constructor
DA:54,17
BRDA:54,0,0,-
DA:55,0
DA:57,17
DA:58,17
DA:59,17
DA:60,17
DA:61,17
DA:62,17
DA:63,17
DA:76,10
FN:76,Factory.createCommittee
FNDA:10,Factory.createCommittee
DA:83,10
BRDA:83,1,0,1
DA:84,1
DA:86,9
DA:87,9
BRDA:87,2,0,1
DA:88,1
DA:89,1
BRDA:89,3,0,1
DA:90,1
DA:93,8
DA:99,8
DA:107,8
DA:108,8
DA:109,8
DA:110,8
DA:117,4
FN:117,Factory.updateMaxCommitteeMembers
FNDA:4,Factory.updateMaxCommitteeMembers
DA:118,3
BRDA:118,4,0,1
DA:119,1
DA:121,2
DA:122,2
DA:130,2
FN:130,Factory.getCommittees
FNDA:2,Factory.getCommittees
DA:131,2
DA:139,1
FN:139,Factory.getLatestCommittee
FNDA:1,Factory.getLatestCommittee
DA:140,1
DA:141,1
BRDA:141,5,0,-
DA:142,0
DA:144,1
DA:152,4
FN:152,Factory.getCommitteeCount
FNDA:4,Factory.getCommitteeCount
DA:153,4
FNF:6
FNH:6
LF:38
LH:36
BRF:6
BRH:4
end_of_record
TN:
SF:test/Mocks/MockAutomationRegistrarAndRegistry.sol
DA:16,56
FN:16,MockAutomationRegistrar.constructor
FNDA:56,MockAutomationRegistrar.constructor
DA:17,56
DA:20,3
FN:20,MockAutomationRegistrar.registerUpkeep
FNDA:3,MockAutomationRegistrar.registerUpkeep
DA:21,3
BRDA:21,0,0,-
BRDA:21,0,1,3
DA:23,3
DA:28,3
DA:31,3
DA:35,3
DA:49,3
FN:49,MockAutomationRegistry.registerUpkeep
FNDA:3,MockAutomationRegistry.registerUpkeep
DA:50,3
DA:64,1
FN:64,MockAutomationRegistry.getUpkeep
FNDA:1,MockAutomationRegistry.getUpkeep
DA:65,1
DA:68,1
FN:68,MockAutomationRegistry.addFunds
FNDA:1,MockAutomationRegistry.addFunds
DA:69,1
BRDA:69,0,0,-
BRDA:69,0,1,1
DA:70,1
DA:71,1
DA:75,0
FN:75,MockAutomationRegistry.performUpkeep
FNDA:0,MockAutomationRegistry.performUpkeep
DA:76,0
BRDA:76,1,0,-
BRDA:76,1,1,-
DA:77,0
BRDA:77,2,0,-
BRDA:77,2,1,-
DA:79,0
DA:80,0
BRDA:80,3,0,-
BRDA:80,3,1,-
DA:82,0
FNF:6
FNH:5
LF:22
LH:16
BRF:10
BRH:2
end_of_record
TN:
SF:test/Mocks/MockERC20.sol
DA:13,112
FN:13,MockERC20.constructor
FNDA:112,MockERC20.constructor
DA:14,112
DA:17,0
FN:17,MockERC20.decimals
FNDA:0,MockERC20.decimals
DA:18,0
DA:21,235
FN:21,MockERC20.mint
FNDA:235,MockERC20.mint
DA:22,235
DA:25,0
FN:25,MockERC20.burn
FNDA:0,MockERC20.burn
DA:26,0
FNF:4
FNH:2
LF:8
LH:4
BRF:0
BRH:0
end_of_record
TN:
SF:test/Mocks/MockEntropy.sol
DA:27,56
FN:27,MockEntropy.constructor
FNDA:56,MockEntropy.constructor
DA:28,56
DA:31,0
FN:31,MockEntropy.setDefaultProvider
FNDA:0,MockEntropy.setDefaultProvider
DA:32,0
DA:35,0
FN:35,MockEntropy.getDefaultProvider
FNDA:0,MockEntropy.getDefaultProvider
DA:36,0
DA:39,14
FN:39,MockEntropy.getFeeV2
FNDA:14,MockEntropy.getFeeV2
DA:40,14
DA:43,0
FN:43,MockEntropy.getFee
FNDA:0,MockEntropy.getFee
DA:44,0
DA:47,13
FN:47,MockEntropy.requestV2
FNDA:13,MockEntropy.requestV2
DA:48,13
BRDA:48,0,0,-
BRDA:48,0,1,13
DA:50,13
DA:52,13
DA:55,13
DA:57,13
DA:60,0
FN:60,MockEntropy.request
FNDA:0,MockEntropy.request
DA:65,0
BRDA:65,1,0,-
BRDA:65,1,1,-
DA:67,0
DA:69,0
DA:71,0
DA:73,0
DA:76,0
FN:76,MockEntropy.reveal
FNDA:0,MockEntropy.reveal
DA:83,0
DA:86,0
FN:86,MockEntropy.revealWithCallback
FNDA:0,MockEntropy.revealWithCallback
DA:93,0
DA:97,13
FN:97,MockEntropy.fulfillRequest
FNDA:13,MockEntropy.fulfillRequest
DA:98,13
DA:99,13
BRDA:99,2,0,-
BRDA:99,2,1,13
DA:102,13
DA:103,13
DA:106,13
BRDA:106,3,0,13
DA:107,13
BRDA:107,4,0,13
DA:110,13
DA:112,13
DA:116,0
FN:116,MockEntropy.requestAndFulfill
FNDA:0,MockEntropy.requestAndFulfill
DA:117,0
DA:118,0
DA:120,0
DA:121,0
BRDA:121,5,0,-
DA:122,0
BRDA:122,6,0,-
DA:125,0
DA:126,0
FNF:11
FNH:4
LF:43
LH:19
BRF:10
BRH:4
end_of_record
TN:
SF:test/Mocks/MockWeth.sol
DA:13,0
FN:13,MockWETH.deposit
FNDA:0,MockWETH.deposit
DA:14,0
DA:17,0
FN:17,MockWETH.withdraw
FNDA:0,MockWETH.withdraw
DA:18,0
DA:19,0
DA:20,0
BRDA:20,0,0,-
BRDA:20,0,1,-
DA:23,0
FN:23,MockWETH.receive
FNDA:0,MockWETH.receive
DA:24,0
FNF:3
FNH:0
LF:8
LH:0
BRF:2
BRH:0
end_of_record
